Udvidelser "LaTeX" kunne ikke indlæse fordi en afhængighed blev ikke opfyldt.
Dependency:
  type: executable
  sted: path
  tekststreng: pstoedit

Udvidelser "Sketch Input" kunne ikke indlæse fordi en afhængighed blev ikke opfyldt.
Dependency:
  type: executable
  sted: path
  tekststreng: skconvert

Udvidelser "Win32 Vector Print" kunne ikke indlæse fordi the extension is designed for Windows only.  Dette forårsages af en fejlagtig .inx fil til denne filnavneendelse.  En fejlagtig inx-fil kan være forårsaget af en fejlagtig installation af Inkscape.
Udvidelser "Dia Input" kunne ikke indlæse fordi en afhængighed blev ikke opfyldt.
Dependency:
  type: executable
  sted: path
  tekststreng: dia
  beskrivelse: For at importere Dia-filer, skal Dia være installeret. Du kan hente Dia hos http://live.gnome.org/Dia

Udvidelser "PostScript Input" kunne ikke indlæse fordi en afhængighed blev ikke opfyldt.
Dependency:
  type: executable
  sted: path
  tekststreng: ps2pdf

Udvidelser "GIMP XCF" kunne ikke indlæse fordi en afhængighed blev ikke opfyldt.
Dependency:
  type: executable
  sted: path
  tekststreng: gimp

Udvidelser "XFIG Input" kunne ikke indlæse fordi en afhængighed blev ikke opfyldt.
Dependency:
  type: executable
  sted: path
  tekststreng: fig2dev

Udvidelser "DXF Output" kunne ikke indlæse fordi en afhængighed blev ikke opfyldt.
Dependency:
  type: executable
  sted: path
  tekststreng: pstoedit
  beskrivelse: pstoedit must be installed to run; see http://www.pstoedit.net/pstoedit

Udvidelser "EPS Input" kunne ikke indlæse fordi en afhængighed blev ikke opfyldt.
Dependency:
  type: executable
  sted: path
  tekststreng: ps2pdf

