00:00:00.000301 main     VirtualBox XPCOM Server 6.1.10 r138449 linux.amd64 (Jun  8 2020 08:33:44) release log
00:00:00.000304 main     Log opened 2020-07-14T18:21:21.591268000Z
00:00:00.000304 main     Build Type: release
00:00:00.000307 main     OS Product: Linux
00:00:00.000308 main     OS Release: 5.7.2-arch1-1
00:00:00.000308 main     OS Version: #1 SMP PREEMPT Wed, 10 Jun 2020 20:36:24 +0000
00:00:00.000327 main     DMI Product Name: 4291W5X
00:00:00.000334 main     DMI Product Version: ThinkPad X220
00:00:00.000342 main     Firmware type: BIOS
00:00:00.000368 main     Host RAM: 7842MB (7.6GB) total, 7525MB (7.3GB) available
00:00:00.000370 main     Executable: /usr/lib/virtualbox/VBoxSVC
00:00:00.000370 main     Process ID: 3151
00:00:00.000371 main     Package type: LINUX_64BITS_GENERIC (OSE)
00:00:00.001891 main     IPC socket path: /tmp/.vbox-ringdal-ipc/ipcd
00:00:00.109476 nspr-2   VirtualBox: object creation starts
00:00:00.109633 nspr-2   Home directory: '/home/ringdal/.config/VirtualBox'
00:00:00.109986 nspr-2   Loading settings file "/home/ringdal/.config/VirtualBox/VirtualBox.xml" with version "1.12-linux"
00:00:00.113908 nspr-2   Successfully initialised host USB using sysfs
00:00:00.127757 nspr-2   NetIfAdpCtlOut: VBoxNetAdpCtl: Error while retrieving link speed for wlp3s0: VBoxNetAdpCtl: ioctl failed: Operation not supported
00:00:00.138538 nspr-2   HostDnsMonitor: initializing
00:00:00.138999 nspr-2   NAT: resolv.conf: nameserver 208.67.222.222
00:00:00.139033 nspr-2   NAT: resolv.conf: nameserver 208.67.220.220
00:00:00.139068 nspr-2   HostDnsMonitor: updating information
00:00:00.139110 nspr-2   HostDnsMonitor: old information
00:00:00.139122 nspr-2     no server entries
00:00:00.139134 nspr-2     no domain set
00:00:00.139143 nspr-2     no search string entries
00:00:00.139153 nspr-2   HostDnsMonitor: new information
00:00:00.139162 nspr-2     server 1: 208.67.222.222
00:00:00.139173 nspr-2     server 2: 208.67.220.220
00:00:00.139183 nspr-2     no domain set
00:00:00.139192 nspr-2     no search string entries
00:00:00.155825 nspr-2   failed to create vboxnet0, error (0x80004005)
00:00:00.157797 nspr-2   VD: VDInit finished with VINF_SUCCESS
00:00:00.157969 nspr-2   ERROR [COM]: aRC=NS_ERROR_FAILURE (0x80004005) aIID={027bc463-929c-40e8-bf16-fea557cd8e7e} aComponent={SystemPropertiesWrap} aText={Cannot determine default Guest Additions ISO location. Most likely they are not available}, preserve=false aResultDetail=0
00:00:00.166611 nspr-2   Loading settings file "/home/ringdal/Dokumenter/VirtualBox VMs/Windows/Windows.vbox" with version "1.17-linux"
00:00:00.168417 nspr-2   Loading settings file "/home/ringdal/Dokumenter/VirtualBox VMs/MacOS/MacOS.vbox" with version "1.15-linux"
00:00:00.169998 nspr-2   OCI: Local config file '/home/ringdal/.config/VirtualBox/oci_config' does not exist
00:00:00.170021 nspr-2   OCI: Original config file '/home/ringdal/.oci/config' does not exist
00:00:00.170027 nspr-2   OCI: Reading profiles finished with status NS_OK
00:00:00.170035 nspr-2   ExtPack: Created cloud provider 'OCI' (hrc=NS_OK)
00:00:00.170057 nspr-2   VirtualBox: object created
00:00:00.178765 nspr-2   Launched VM: 1275385216 pid: 3171 (0xc63) frontend: GUI/Qt name: Windows
00:00:01.140886 nspr-4   Load [/usr/lib/virtualbox/ExtensionPacks/Oracle_VM_VirtualBox_Extension_Pack/linux.amd64/VBoxHostWebcam.so] vrc=VINF_SUCCESS
00:00:01.309009 nspr-3   NetIfAdpCtlOut: VBoxNetAdpCtl: Error while retrieving link speed for wlp3s0: VBoxNetAdpCtl: ioctl failed: Operation not supported
00:00:16.070361 nspr-4   Saving settings file "/home/ringdal/Dokumenter/VirtualBox VMs/Windows/Windows.vbox" with version "1.17-linux"
00:00:23.187534 nspr-4   ERROR [COM]: aRC=VBOX_E_IPRT_ERROR (0x80bb0005) aIID={85632c68-b5bb-4316-a900-5eb28d3413df} aComponent={SessionMachine} aText={Saved screenshot data is not available (VERR_NOT_SUPPORTED)}, preserve=false aResultDetail=-37
00:00:36.363969 nspr-4   ERROR [COM]: aRC=VBOX_E_IPRT_ERROR (0x80bb0005) aIID={85632c68-b5bb-4316-a900-5eb28d3413df} aComponent={SessionMachine} aText={Saved screenshot data is not available (VERR_NOT_SUPPORTED)}, preserve=false aResultDetail=-37
00:00:36.448894 nspr-4   Saving settings file "/home/ringdal/Dokumenter/VirtualBox VMs/Windows/Windows.vbox" with version "1.17-linux"
00:00:36.671521 nspr-2   Saving settings file "/home/ringdal/Dokumenter/VirtualBox VMs/Windows/Windows.vbox" with version "1.17-linux"
00:04:46.714004 nspr-2   Saving settings file "/home/ringdal/Dokumenter/VirtualBox VMs/Windows/Windows.vbox" with version "1.17-linux"
00:06:42.418027 nspr-4   Load [/usr/lib/virtualbox/ExtensionPacks/Oracle_VM_VirtualBox_Extension_Pack/linux.amd64/VBoxHostWebcam.so] vrc=VINF_SUCCESS
00:06:44.798932 nspr-7   NetIfAdpCtlOut: VBoxNetAdpCtl: Error while retrieving link speed for wlp3s0: VBoxNetAdpCtl: ioctl failed: Operation not supported
00:06:44.815084 nspr-6   NetIfAdpCtlOut: VBoxNetAdpCtl: Error while retrieving link speed for wlp3s0: VBoxNetAdpCtl: ioctl failed: Operation not supported
00:08:25.991706 nspr-3   Load [/usr/lib/virtualbox/ExtensionPacks/Oracle_VM_VirtualBox_Extension_Pack/linux.amd64/VBoxHostWebcam.so] vrc=VINF_SUCCESS
00:09:29.533543 nspr-3   Saving settings file "/home/ringdal/Dokumenter/VirtualBox VMs/Windows/Windows.vbox" with version "1.17-linux"
00:09:29.585172 nspr-3   ERROR [COM]: aRC=VBOX_E_IPRT_ERROR (0x80bb0005) aIID={85632c68-b5bb-4316-a900-5eb28d3413df} aComponent={SessionMachine} aText={Saved screenshot data is not available (VERR_NOT_SUPPORTED)}, preserve=false aResultDetail=-37
00:09:43.116057 nspr-4   Load [/usr/lib/virtualbox/ExtensionPacks/Oracle_VM_VirtualBox_Extension_Pack/linux.amd64/VBoxHostWebcam.so] vrc=VINF_SUCCESS
00:09:49.281404 nspr-7   Saving settings file "/home/ringdal/Dokumenter/VirtualBox VMs/Windows/Windows.vbox" with version "1.17-linux"
00:10:04.916482 nspr-2   Load [/usr/lib/virtualbox/ExtensionPacks/Oracle_VM_VirtualBox_Extension_Pack/linux.amd64/VBoxHostWebcam.so] vrc=VINF_SUCCESS
00:17:42.276229 nspr-6   ERROR [COM]: aRC=VBOX_E_IPRT_ERROR (0x80bb0005) aIID={85632c68-b5bb-4316-a900-5eb28d3413df} aComponent={SessionMachine} aText={Saved screenshot data is not available (VERR_NOT_SUPPORTED)}, preserve=false aResultDetail=-37
00:17:42.311825 nspr-2   Saving settings file "/home/ringdal/Dokumenter/VirtualBox VMs/Windows/Windows.vbox" with version "1.17-linux"
00:17:42.584954 nspr-6   Saving settings file "/home/ringdal/Dokumenter/VirtualBox VMs/Windows/Windows.vbox" with version "1.17-linux"
00:17:48.027033 nspr-3   Saving settings file "/home/ringdal/Dokumenter/VirtualBox VMs/Windows/Windows.vbox" with version "1.17-linux"
00:18:21.943844 nspr-7   Saving settings file "/home/ringdal/Dokumenter/VirtualBox VMs/Windows/Windows.vbox" with version "1.17-linux"
00:18:22.000024 nspr-4   ERROR [COM]: aRC=VBOX_E_IPRT_ERROR (0x80bb0005) aIID={85632c68-b5bb-4316-a900-5eb28d3413df} aComponent={SessionMachine} aText={Saved screenshot data is not available (VERR_NOT_SUPPORTED)}, preserve=false aResultDetail=-37
00:18:29.457057 nspr-6   ERROR [COM]: aRC=VBOX_E_IPRT_ERROR (0x80bb0005) aIID={85632c68-b5bb-4316-a900-5eb28d3413df} aComponent={SessionMachine} aText={Saved screenshot data is not available (VERR_NOT_SUPPORTED)}, preserve=false aResultDetail=-37
00:18:29.531730 nspr-2   Saving settings file "/home/ringdal/Dokumenter/VirtualBox VMs/Windows/Windows.vbox" with version "1.17-linux"
00:18:29.765726 nspr-7   Saving settings file "/home/ringdal/Dokumenter/VirtualBox VMs/Windows/Windows.vbox" with version "1.17-linux"
00:24:33.551365 nspr-5   Saving settings file "/home/ringdal/.config/VirtualBox/VirtualBox.xml" with version "1.12-linux"
00:24:35.598286 nspr-5   Saving settings file "/home/ringdal/Dokumenter/VirtualBox VMs/Windows/Windows.vbox" with version "1.17-linux"
00:24:36.773502 nspr-4   Saving settings file "/home/ringdal/Dokumenter/VirtualBox VMs/Windows/Windows.vbox" with version "1.17-linux"
00:24:38.482134 nspr-4   Saving settings file "/home/ringdal/Dokumenter/VirtualBox VMs/Windows/Windows.vbox" with version "1.17-linux"
00:24:38.533680 nspr-4   ERROR [COM]: aRC=VBOX_E_IPRT_ERROR (0x80bb0005) aIID={85632c68-b5bb-4316-a900-5eb28d3413df} aComponent={SessionMachine} aText={Saved screenshot data is not available (VERR_NOT_SUPPORTED)}, preserve=false aResultDetail=-37
00:24:49.429704 nspr-6   ERROR [COM]: aRC=VBOX_E_IPRT_ERROR (0x80bb0005) aIID={85632c68-b5bb-4316-a900-5eb28d3413df} aComponent={SessionMachine} aText={Saved screenshot data is not available (VERR_NOT_SUPPORTED)}, preserve=false aResultDetail=-37
00:24:49.497154 nspr-5   Saving settings file "/home/ringdal/Dokumenter/VirtualBox VMs/Windows/Windows.vbox" with version "1.17-linux"
00:24:49.743813 nspr-7   Saving settings file "/home/ringdal/Dokumenter/VirtualBox VMs/Windows/Windows.vbox" with version "1.17-linux"
00:24:53.140230 nspr-7   Saving settings file "/home/ringdal/Dokumenter/VirtualBox VMs/Windows/Windows.vbox" with version "1.17-linux"
00:24:56.254165 nspr-5   Saving settings file "/home/ringdal/Dokumenter/VirtualBox VMs/Windows/Windows.vbox" with version "1.17-linux"
00:25:01.184390 nspr-3   Saving settings file "/home/ringdal/Dokumenter/VirtualBox VMs/Windows/Windows.vbox" with version "1.17-linux"
00:25:03.582459 nspr-5   Saving settings file "/home/ringdal/Dokumenter/VirtualBox VMs/Windows/Windows.vbox" with version "1.17-linux"
00:25:08.816512 nspr-7   ERROR [COM]: aRC=VBOX_E_IPRT_ERROR (0x80bb0005) aIID={85632c68-b5bb-4316-a900-5eb28d3413df} aComponent={SessionMachine} aText={Saved screenshot data is not available (VERR_NOT_SUPPORTED)}, preserve=false aResultDetail=-37
00:25:11.417669 nspr-2   ERROR [COM]: aRC=VBOX_E_IPRT_ERROR (0x80bb0005) aIID={85632c68-b5bb-4316-a900-5eb28d3413df} aComponent={SessionMachine} aText={Saved screenshot data is not available (VERR_NOT_SUPPORTED)}, preserve=false aResultDetail=-37
00:25:11.455736 nspr-6   Saving settings file "/home/ringdal/Dokumenter/VirtualBox VMs/Windows/Windows.vbox" with version "1.17-linux"
00:25:11.727383 nspr-3   Saving settings file "/home/ringdal/Dokumenter/VirtualBox VMs/Windows/Windows.vbox" with version "1.17-linux"
00:55:08.128144 nspr-5   Saving settings file "/home/ringdal/Dokumenter/VirtualBox VMs/Windows/Windows.vbox" with version "1.17-linux"
00:55:10.869845 nspr-6   Saving settings file "/home/ringdal/Dokumenter/VirtualBox VMs/Windows/Windows.vbox" with version "1.17-linux"
01:01:17.973155 nspr-4   Saving settings file "/home/ringdal/Dokumenter/VirtualBox VMs/Windows/Windows.vbox" with version "1.17-linux"
01:01:18.016226 nspr-7   ERROR [COM]: aRC=VBOX_E_IPRT_ERROR (0x80bb0005) aIID={85632c68-b5bb-4316-a900-5eb28d3413df} aComponent={SessionMachine} aText={Saved screenshot data is not available (VERR_NOT_SUPPORTED)}, preserve=false aResultDetail=-37
05:07:23.004356 nspr-6   ERROR [COM]: aRC=VBOX_E_IPRT_ERROR (0x80bb0005) aIID={85632c68-b5bb-4316-a900-5eb28d3413df} aComponent={SessionMachine} aText={Saved screenshot data is not available (VERR_NOT_SUPPORTED)}, preserve=false aResultDetail=-37
05:07:25.897486 nspr-7   Saving settings file "/home/ringdal/Dokumenter/VirtualBox VMs/Windows/Windows.vbox" with version "1.17-linux"
05:07:25.950931 nspr-3   ERROR [COM]: aRC=VBOX_E_IPRT_ERROR (0x80bb0005) aIID={85632c68-b5bb-4316-a900-5eb28d3413df} aComponent={SessionMachine} aText={Saved screenshot data is not available (VERR_NOT_SUPPORTED)}, preserve=false aResultDetail=-37
05:07:38.267682 nspr-6   ERROR [COM]: aRC=VBOX_E_IPRT_ERROR (0x80bb0005) aIID={85632c68-b5bb-4316-a900-5eb28d3413df} aComponent={SessionMachine} aText={Saved screenshot data is not available (VERR_NOT_SUPPORTED)}, preserve=false aResultDetail=-37
05:07:38.318121 nspr-5   Saving settings file "/home/ringdal/Dokumenter/VirtualBox VMs/Windows/Windows.vbox" with version "1.17-linux"
05:07:38.580560 nspr-5   Saving settings file "/home/ringdal/Dokumenter/VirtualBox VMs/Windows/Windows.vbox" with version "1.17-linux"
05:08:27.916115 nspr-4   Saving settings file "/home/ringdal/Dokumenter/VirtualBox VMs/Windows/Windows.vbox" with version "1.17-linux"
05:09:14.689091 nspr-6   Saving settings file "/home/ringdal/Dokumenter/VirtualBox VMs/Windows/Windows.vbox" with version "1.17-linux"
05:09:14.914541 SaveState Saving settings file "/home/ringdal/Dokumenter/VirtualBox VMs/Windows/Windows.vbox" with version "1.17-linux"
05:09:15.461547 nspr-4   Saving settings file "/home/ringdal/Dokumenter/VirtualBox VMs/Windows/Windows.vbox" with version "1.17-linux"
05:09:21.021581 main     VirtualBox: object deletion starts
05:09:21.021629 main     ERROR [COM]: aRC=VBOX_E_OBJECT_IN_USE (0x80bb000c) aIID={ad47ad09-787b-44ab-b343-a082a3f2dfb1} aComponent={MediumWrap} aText={Medium '/home/ringdal/Dokumenter/VirtualBox VMs/Windows/Windows.vdi' cannot be closed because it is still attached to 1 virtual machines}, preserve=false aResultDetail=0
05:09:21.021814 main     ERROR [COM]: aRC=VBOX_E_OBJECT_IN_USE (0x80bb000c) aIID={ad47ad09-787b-44ab-b343-a082a3f2dfb1} aComponent={MediumWrap} aText={Medium '/home/ringdal/Dokumenter/VirtualBox VMs/MacOS High Sierra 10.13.vmdk' cannot be closed because it is still attached to 1 virtual machines}, preserve=false aResultDetail=0
05:09:21.022189 main     HostDnsMonitor: shutting down ...
05:09:21.026875 main     HostDnsMonitor: shut down
05:09:21.211038 Watcher  ERROR [COM]: aRC=E_ACCESSDENIED (0x80070005) aIID={d0a0163f-e254-4e5b-a1f2-011cf991c38d} aComponent={VirtualBoxWrap} aText={The object is not ready}, preserve=false aResultDetail=0
05:09:22.450500 main     VirtualBox: object deleted
